<?xml version="1.0" encoding="UTF-8"?>
<testng-results skipped="0" failed="0" total="1" passed="1">
  <reporter-output>
  </reporter-output>
  <suite name="SuiteTest" duration-ms="516" started-at="2016-06-10T10:51:57Z" finished-at="2016-06-10T10:51:58Z">
    <groups>
    </groups>
    <test name="SmokeTest" duration-ms="516" started-at="2016-06-10T10:51:57Z" finished-at="2016-06-10T10:51:58Z">
      <class name="com.test.DummyTest">
        <test-method status="PASS" signature="hello()[pri:0, instance:com.test.DummyTest@126e4ecd]" name="hello" duration-ms="10" started-at="2016-06-10T16:21:57Z" finished-at="2016-06-10T16:21:57Z">
          <reporter-output>
          </reporter-output>
        </test-method> <!-- hello -->
      </class> <!-- com.test.DummyTest -->
    </test> <!-- SmokeTest -->
  </suite> <!-- SuiteTest -->
</testng-results>
