<?xml version="1.0" encoding="UTF-8"?>
<!-- Generated by org.testng.reporters.JUnitXMLReporter -->
<testsuite hostname="dlusgu10943021a" name="LoginTestWithoutParameters" tests="3" failures="1" timestamp="2 Jun 2016 09:31:09 GMT" time="82.589" errors="0">
  <testcase name="verifyLogo" time="12.118" classname="com.mfs.tests.LoginTest"/>
  <testcase name="checkMenuItem" time="15.996" classname="com.mfs.tests.LoginTest"/>
  <testcase name="loginWithWrongCredentials" time="26.288" classname="com.mfs.tests.LoginTest">
    <failure type="org.openqa.selenium.TimeoutException" message="Timed out after 15 seconds waiting for visibility of element located by By.xpath: //input[@value=&amp;apos;Login&amp;apos;]
Build info: version: &amp;apos;2.53.0&amp;apos;, revision: &amp;apos;35ae25b1534ae328c771e0856c93e187490ca824&amp;apos;, time: &amp;apos;2016-03-15 10:43:46&amp;apos;
System info: host: &amp;apos;dlusgu10943021a&amp;apos;, ip: &amp;apos;10.207.238.103&amp;apos;, os.name: &amp;apos;Windows 7&amp;apos;, os.arch: &amp;apos;amd64&amp;apos;, os.version: &amp;apos;6.1&amp;apos;, java.version: &amp;apos;1.8.0_60&amp;apos;
Driver info: org.openqa.selenium.firefox.FirefoxDriver
Capabilities [{applicationCacheEnabled=true, rotatable=false, handlesAlerts=true, databaseEnabled=true, version=46.0.1, platform=WINDOWS, nativeEvents=false, acceptSslCerts=true, webStorageEnabled=true, locationContextEnabled=true, browserName=firefox, takesScreenshot=true, javascriptEnabled=true, cssSelectorsEnabled=true}]
Session ID: c02f12a9-7c04-4a41-99a9-45af36298891">
      <![CDATA[org.openqa.selenium.TimeoutException: Timed out after 15 seconds waiting for visibility of element located by By.xpath: //input[@value='Login']
Build info: version: '2.53.0', revision: '35ae25b1534ae328c771e0856c93e187490ca824', time: '2016-03-15 10:43:46'
System info: host: 'dlusgu10943021a', ip: '10.207.238.103', os.name: 'Windows 7', os.arch: 'amd64', os.version: '6.1', java.version: '1.8.0_60'
Driver info: org.openqa.selenium.firefox.FirefoxDriver
Capabilities [{applicationCacheEnabled=true, rotatable=false, handlesAlerts=true, databaseEnabled=true, version=46.0.1, platform=WINDOWS, nativeEvents=false, acceptSslCerts=true, webStorageEnabled=true, locationContextEnabled=true, browserName=firefox, takesScreenshot=true, javascriptEnabled=true, cssSelectorsEnabled=true}]
Session ID: c02f12a9-7c04-4a41-99a9-45af36298891
	at org.openqa.selenium.support.ui.WebDriverWait.timeoutException(WebDriverWait.java:80)
	at org.openqa.selenium.support.ui.FluentWait.until(FluentWait.java:261)
	at com.elements.Element.getElement(Element.java:121)
	at com.elements.Element.click(Element.java:130)
	at com.mfs.pages.LoginPage.clickLogin(LoginPage.java:34)
	at com.mfs.tests.LoginTest.loginWithWrongCredentials(LoginTest.java:45)
	at java.util.concurrent.ThreadPoolExecutor.runWorker(ThreadPoolExecutor.java:1142)
	at java.util.concurrent.ThreadPoolExecutor$Worker.run(ThreadPoolExecutor.java:617)
	at java.lang.Thread.run(Thread.java:745)
... Removed 10 stack frames]]>
    </failure>
  </testcase> <!-- loginWithWrongCredentials -->
</testsuite> <!-- LoginTestWithoutParameters -->
