<?xml version="1.0" encoding="UTF-8"?>
<!-- Generated by org.testng.reporters.JUnitXMLReporter -->
<testsuite hostname="DLUCBHAKA46325" name="SmokeTest2" tests="1" failures="1" timestamp="13 Jun 2016 11:07:57 GMT" time="45.679" errors="0">
  <testcase name="individualInvestorNonUSTest" time="32.664" classname="com.mfs.tests.SmokeTests">
    <failure type="java.lang.AssertionError" message="expected [Investor / Non-] but found [Investor / Non-US]">
      <![CDATA[java.lang.AssertionError: expected [Investor / Non-] but found [Investor / Non-US]
	at com.reporting.ReportUtil.assertEqual(ReportUtil.java:136)
	at com.mfs.tests.SmokeTests.individualInvestorNonUSTest(SmokeTests.java:36)
	at java.util.concurrent.FutureTask.run(FutureTask.java:262)
	at java.util.concurrent.ThreadPoolExecutor.runWorker(ThreadPoolExecutor.java:1145)
	at java.util.concurrent.ThreadPoolExecutor$Worker.run(ThreadPoolExecutor.java:615)
	at java.lang.Thread.run(Thread.java:745)
... Removed 22 stack frames]]>
    </failure>
  </testcase> <!-- individualInvestorNonUSTest -->
</testsuite> <!-- SmokeTest2 -->
