<?xml version="1.0" encoding="UTF-8"?>
<!-- Generated by org.testng.reporters.JUnitXMLReporter -->
<testsuite hostname="DLUCBHAKA46325" name="SmokeTest" tests="1" failures="1" timestamp="13 Jun 2016 09:22:52 GMT" time="38.523" errors="0">
  <testcase name="individualInvestorNonUSTest" time="23.59" classname="com.mfs.tests.SmokeTests">
    <failure type="java.lang.AssertionError" message="expected [Investor / Non-] but found [Investor / Non-US]">
      <![CDATA[java.lang.AssertionError: expected [Investor / Non-] but found [Investor / Non-US]
	at com.reporting.ReportUtil.assertEqual(ReportUtil.java:136)
	at com.mfs.tests.SmokeTests.individualInvestorNonUSTest(SmokeTests.java:36)
... Removed 30 stack frames]]>
    </failure>
  </testcase> <!-- individualInvestorNonUSTest -->
</testsuite> <!-- SmokeTest -->
